<?xml version="1.0" encoding="utf-8"?><testsuites name="pytest tests"><testsuite name="pytest" errors="0" failures="14" skipped="0" tests="29" time="5.880" timestamp="2026-01-28T08:58:26.082427+01:00" hostname="DESKTOP-0FSRPKR"><testcase classname="tests.test_comprehensive_api.TestHealthAndStatus" name="test_health_check" time="0.166"><failure message="assert 404 == 200&#10; +  where 404 = &lt;WrapperTestResponse streamed [404 NOT FOUND]&gt;.status_code">tests\test_comprehensive_api.py:17: in test_health_check
    assert response.status_code == 200
E   assert 404 == 200
E    +  where 404 = &lt;WrapperTestResponse streamed [404 NOT FOUND]&gt;.status_code</failure></testcase><testcase classname="tests.test_comprehensive_api.TestHealthAndStatus" name="test_health_check_performance" time="0.016"><failure message="assert 404 == 200&#10; +  where 404 = &lt;WrapperTestResponse streamed [404 NOT FOUND]&gt;.status_code">tests\test_comprehensive_api.py:28: in test_health_check_performance
    assert response.status_code == 200
E   assert 404 == 200
E    +  where 404 = &lt;WrapperTestResponse streamed [404 NOT FOUND]&gt;.status_code</failure></testcase><testcase classname="tests.test_comprehensive_api.TestAuthentication" name="test_register_new_user" time="0.158" /><testcase classname="tests.test_comprehensive_api.TestAuthentication" name="test_register_duplicate_username" time="0.147"><failure message="assert 409 == 400&#10; +  where 409 = &lt;WrapperTestResponse streamed [409 CONFLICT]&gt;.status_code">tests\test_comprehensive_api.py:61: in test_register_duplicate_username
    assert response.status_code == 400
E   assert 409 == 400
E    +  where 409 = &lt;WrapperTestResponse streamed [409 CONFLICT]&gt;.status_code</failure></testcase><testcase classname="tests.test_comprehensive_api.TestAuthentication" name="test_login_valid_credentials" time="0.274" /><testcase classname="tests.test_comprehensive_api.TestAuthentication" name="test_login_invalid_credentials" time="0.016" /><testcase classname="tests.test_comprehensive_api.TestAuthentication" name="test_protected_route_without_token" time="0.020"><failure message="assert 404 == 401&#10; +  where 404 = &lt;WrapperTestResponse streamed [404 NOT FOUND]&gt;.status_code">tests\test_comprehensive_api.py:95: in test_protected_route_without_token
    assert response.status_code == 401
E   assert 404 == 401
E    +  where 404 = &lt;WrapperTestResponse streamed [404 NOT FOUND]&gt;.status_code</failure></testcase><testcase classname="tests.test_comprehensive_api.TestAuthentication" name="test_protected_route_with_invalid_token" time="0.056"><failure message="assert 404 == 401&#10; +  where 404 = &lt;WrapperTestResponse streamed [404 NOT FOUND]&gt;.status_code">tests\test_comprehensive_api.py:101: in test_protected_route_with_invalid_token
    assert response.status_code == 401
E   assert 404 == 401
E    +  where 404 = &lt;WrapperTestResponse streamed [404 NOT FOUND]&gt;.status_code</failure></testcase><testcase classname="tests.test_comprehensive_api.TestAuthentication" name="test_protected_route_with_valid_token" time="0.292" /><testcase classname="tests.test_comprehensive_api.TestAuthentication" name="test_logout" time="0.276" /><testcase classname="tests.test_comprehensive_api.TestAssessmentPhases" name="test_get_self_discovery_questions" time="0.273"><failure message="assert 404 == 200&#10; +  where 404 = &lt;WrapperTestResponse streamed [404 NOT FOUND]&gt;.status_code">tests\test_comprehensive_api.py:166: in test_get_self_discovery_questions
    assert response.status_code == 200
E   assert 404 == 200
E    +  where 404 = &lt;WrapperTestResponse streamed [404 NOT FOUND]&gt;.status_code</failure></testcase><testcase classname="tests.test_comprehensive_api.TestAssessmentPhases" name="test_submit_self_discovery_response" time="0.273"><failure message="assert 404 in [200, 201]&#10; +  where 404 = &lt;WrapperTestResponse streamed [404 NOT FOUND]&gt;.status_code">tests\test_comprehensive_api.py:179: in test_submit_self_discovery_response
    assert response.status_code in [200, 201]
E   assert 404 in [200, 201]
E    +  where 404 = &lt;WrapperTestResponse streamed [404 NOT FOUND]&gt;.status_code</failure></testcase><testcase classname="tests.test_comprehensive_api.TestAssessmentPhases" name="test_idea_discovery_submission" time="0.272"><failure message="assert 404 in [200, 201]&#10; +  where 404 = &lt;WrapperTestResponse streamed [404 NOT FOUND]&gt;.status_code">tests\test_comprehensive_api.py:191: in test_idea_discovery_submission
    assert response.status_code in [200, 201]
E   assert 404 in [200, 201]
E    +  where 404 = &lt;WrapperTestResponse streamed [404 NOT FOUND]&gt;.status_code</failure></testcase><testcase classname="tests.test_comprehensive_api.TestAssessmentPhases" name="test_get_user_responses" time="0.273"><failure message="assert 404 == 200&#10; +  where 404 = &lt;WrapperTestResponse streamed [404 NOT FOUND]&gt;.status_code">tests\test_comprehensive_api.py:203: in test_get_user_responses
    assert response.status_code == 200
E   assert 404 == 200
E    +  where 404 = &lt;WrapperTestResponse streamed [404 NOT FOUND]&gt;.status_code</failure></testcase><testcase classname="tests.test_comprehensive_api.TestDashboard" name="test_dashboard_overview" time="0.278"><failure message="assert 500 == 200&#10; +  where 500 = &lt;WrapperTestResponse streamed [500 INTERNAL SERVER ERROR]&gt;.status_code">tests\test_comprehensive_api.py:228: in test_dashboard_overview
    assert response.status_code == 200
E   assert 500 == 200
E    +  where 500 = &lt;WrapperTestResponse streamed [500 INTERNAL SERVER ERROR]&gt;.status_code</failure></testcase><testcase classname="tests.test_comprehensive_api.TestDashboard" name="test_entrepreneur_profile" time="0.276" /><testcase classname="tests.test_comprehensive_api.TestDashboard" name="test_progress_history" time="0.296" /><testcase classname="tests.test_comprehensive_api.TestDashboard" name="test_executive_summary" time="0.314"><failure message="assert 404 == 200&#10; +  where 404 = &lt;WrapperTestResponse streamed [404 NOT FOUND]&gt;.status_code">tests\test_comprehensive_api.py:249: in test_executive_summary
    assert response.status_code == 200
E   assert 404 == 200
E    +  where 404 = &lt;WrapperTestResponse streamed [404 NOT FOUND]&gt;.status_code</failure></testcase><testcase classname="tests.test_comprehensive_api.TestAIRecommendations" name="test_get_recommendations" time="0.274" /><testcase classname="tests.test_comprehensive_api.TestAIRecommendations" name="test_mind_map_generation" time="0.273" /><testcase classname="tests.test_comprehensive_api.TestDataIntegrity" name="test_response_persistence" time="0.273"><failure message="assert 404 == 200&#10; +  where 404 = &lt;WrapperTestResponse streamed [404 NOT FOUND]&gt;.status_code">tests\test_comprehensive_api.py:312: in test_response_persistence
    assert get_response.status_code == 200
E   assert 404 == 200
E    +  where 404 = &lt;WrapperTestResponse streamed [404 NOT FOUND]&gt;.status_code</failure></testcase><testcase classname="tests.test_comprehensive_api.TestDataIntegrity" name="test_progress_calculation" time="0.275"><failure message="KeyError: 'data'">tests\test_comprehensive_api.py:333: in test_progress_calculation
    assert initial.json['data']['overall_progress'] == 0
           ^^^^^^^^^^^^^^^^^^^^
E   KeyError: 'data'</failure></testcase><testcase classname="tests.test_comprehensive_api.TestPerformance" name="test_login_performance" time="0.274" /><testcase classname="tests.test_comprehensive_api.TestPerformance" name="test_dashboard_load_performance" time="0.276"><failure message="assert 500 == 200&#10; +  where 500 = &lt;WrapperTestResponse streamed [500 INTERNAL SERVER ERROR]&gt;.status_code">tests\test_comprehensive_api.py:386: in test_dashboard_load_performance
    assert response.status_code == 200
E   assert 500 == 200
E    +  where 500 = &lt;WrapperTestResponse streamed [500 INTERNAL SERVER ERROR]&gt;.status_code</failure></testcase><testcase classname="tests.test_comprehensive_api.TestEdgeCases" name="test_empty_request_body" time="0.015" /><testcase classname="tests.test_comprehensive_api.TestEdgeCases" name="test_missing_required_fields" time="0.015" /><testcase classname="tests.test_comprehensive_api.TestEdgeCases" name="test_invalid_email_format" time="0.016" /><testcase classname="tests.test_comprehensive_api.TestEdgeCases" name="test_sql_injection_attempt" time="0.016" /><testcase classname="tests.test_comprehensive_api.TestEdgeCases" name="test_xss_attempt" time="0.144" /></testsuite></testsuites>