<?xml version="1.0" encoding="utf-8"?><testsuites name="pytest tests"><testsuite name="pytest" errors="0" failures="0" skipped="0" tests="4" time="0.299" timestamp="2026-01-28T08:58:23.948908+01:00" hostname="DESKTOP-0FSRPKR"><testcase classname="tests.test_assessment" name="test_save_response_updates_existing_response" time="0.188" /><testcase classname="tests.test_assessment" name="test_update_progress_valid_value" time="0.024" /><testcase classname="tests.test_assessment" name="test_update_progress_rejects_non_numeric_value" time="0.021" /><testcase classname="tests.test_assessment" name="test_update_progress_clamps_out_of_range_value" time="0.023" /></testsuite></testsuites>